<testsuites id="" name="" tests="2" failures="0" skipped="0" errors="0" time="9.077941000000001">
<testsuite name="protosite-palette.test.js" timestamp="2025-12-04T05:50:47.580Z" hostname="firefox" tests="1" failures="0" skipped="0" time="2.977" errors="0">
<testcase name="protosite palette chart › visual comparisons" classname="protosite-palette.test.js" time="2.977">
<system-out>
<![CDATA[W:\chromatic-chandelier\__tests__\__screenshots__\protosite-palette-chart-visual-comparisons\protosite-palette-chart-visual-comparisons-1.png is re-generated, writing actual.
]]>
</system-out>
</testcase>
</testsuite>
<testsuite name="protosite-palette.test.js" timestamp="2025-12-04T05:50:47.580Z" hostname="Google Chrome" tests="1" failures="0" skipped="0" time="1.677" errors="0">
<testcase name="protosite palette chart › visual comparisons" classname="protosite-palette.test.js" time="1.677">
<system-out>
<![CDATA[W:\chromatic-chandelier\__tests__\__screenshots__\protosite-palette-chart-visual-comparisons\protosite-palette-chart-visual-comparisons-1.png is re-generated, writing actual.
]]>
</system-out>
</testcase>
</testsuite>
</testsuites>